<?xml version="1.0" encoding="UTF-8"?>
<testsuite xmlns:xsi="http://www.w3.org/2001/XMLSchema-instance" xsi:noNamespaceSchemaLocation="https://maven.apache.org/surefire/maven-surefire-plugin/xsd/surefire-test-report-3.0.xsd" version="3.0" name="com.example.customermanagementservice.CustomerManagementServiceApplicationTests" time="7.03" tests="1" errors="0" skipped="0" failures="0">
  <properties>
    <property name="java.specification.version" value="17"/>
    <property name="sun.jnu.encoding" value="UTF-8"/>
    <property name="java.class.path" value="/Users/meeranmohammed/Downloads/customer-management-service/target/test-classes:/Users/meeranmohammed/Downloads/customer-management-service/target/classes:/Users/meeranmohammed/.m2/repository/org/springframework/boot/spring-boot-starter-data-jpa/3.4.4/spring-boot-starter-data-jpa-3.4.4.jar:/Users/meeranmohammed/.m2/repository/org/springframework/boot/spring-boot-starter/3.4.4/spring-boot-starter-3.4.4.jar:/Users/meeranmohammed/.m2/repository/org/springframework/boot/spring-boot-starter-logging/3.4.4/spring-boot-starter-logging-3.4.4.jar:/Users/meeranmohammed/.m2/repository/ch/qos/logback/logback-classic/1.5.18/logback-classic-1.5.18.jar:/Users/meeranmohammed/.m2/repository/ch/qos/logback/logback-core/1.5.18/logback-core-1.5.18.jar:/Users/meeranmohammed/.m2/repository/org/apache/logging/log4j/log4j-to-slf4j/2.24.3/log4j-to-slf4j-2.24.3.jar:/Users/meeranmohammed/.m2/repository/org/apache/logging/log4j/log4j-api/2.24.3/log4j-api-2.24.3.jar:/Users/meeranmohammed/.m2/repository/org/slf4j/jul-to-slf4j/2.0.17/jul-to-slf4j-2.0.17.jar:/Users/meeranmohammed/.m2/repository/jakarta/annotation/jakarta.annotation-api/2.1.1/jakarta.annotation-api-2.1.1.jar:/Users/meeranmohammed/.m2/repository/org/yaml/snakeyaml/2.3/snakeyaml-2.3.jar:/Users/meeranmohammed/.m2/repository/org/springframework/boot/spring-boot-starter-jdbc/3.4.4/spring-boot-starter-jdbc-3.4.4.jar:/Users/meeranmohammed/.m2/repository/com/zaxxer/HikariCP/5.1.0/HikariCP-5.1.0.jar:/Users/meeranmohammed/.m2/repository/org/springframework/spring-jdbc/6.2.5/spring-jdbc-6.2.5.jar:/Users/meeranmohammed/.m2/repository/org/hibernate/orm/hibernate-core/6.6.11.Final/hibernate-core-6.6.11.Final.jar:/Users/meeranmohammed/.m2/repository/jakarta/persistence/jakarta.persistence-api/3.1.0/jakarta.persistence-api-3.1.0.jar:/Users/meeranmohammed/.m2/repository/jakarta/transaction/jakarta.transaction-api/2.0.1/jakarta.transaction-api-2.0.1.jar:/Users/meeranmohammed/.m2/repository/org/hibernate/common/hibernate-commons-annotations/7.0.3.Final/hibernate-commons-annotations-7.0.3.Final.jar:/Users/meeranmohammed/.m2/repository/io/smallrye/jandex/3.2.0/jandex-3.2.0.jar:/Users/meeranmohammed/.m2/repository/net/bytebuddy/byte-buddy/1.15.11/byte-buddy-1.15.11.jar:/Users/meeranmohammed/.m2/repository/org/glassfish/jaxb/jaxb-runtime/4.0.5/jaxb-runtime-4.0.5.jar:/Users/meeranmohammed/.m2/repository/org/glassfish/jaxb/jaxb-core/4.0.5/jaxb-core-4.0.5.jar:/Users/meeranmohammed/.m2/repository/org/eclipse/angus/angus-activation/2.0.2/angus-activation-2.0.2.jar:/Users/meeranmohammed/.m2/repository/org/glassfish/jaxb/txw2/4.0.5/txw2-4.0.5.jar:/Users/meeranmohammed/.m2/repository/com/sun/istack/istack-commons-runtime/4.1.2/istack-commons-runtime-4.1.2.jar:/Users/meeranmohammed/.m2/repository/jakarta/inject/jakarta.inject-api/2.0.1/jakarta.inject-api-2.0.1.jar:/Users/meeranmohammed/.m2/repository/org/antlr/antlr4-runtime/4.13.0/antlr4-runtime-4.13.0.jar:/Users/meeranmohammed/.m2/repository/org/springframework/data/spring-data-jpa/3.4.4/spring-data-jpa-3.4.4.jar:/Users/meeranmohammed/.m2/repository/org/springframework/data/spring-data-commons/3.4.4/spring-data-commons-3.4.4.jar:/Users/meeranmohammed/.m2/repository/org/springframework/spring-orm/6.2.5/spring-orm-6.2.5.jar:/Users/meeranmohammed/.m2/repository/org/springframework/spring-context/6.2.5/spring-context-6.2.5.jar:/Users/meeranmohammed/.m2/repository/org/springframework/spring-aop/6.2.5/spring-aop-6.2.5.jar:/Users/meeranmohammed/.m2/repository/org/springframework/spring-tx/6.2.5/spring-tx-6.2.5.jar:/Users/meeranmohammed/.m2/repository/org/springframework/spring-beans/6.2.5/spring-beans-6.2.5.jar:/Users/meeranmohammed/.m2/repository/org/slf4j/slf4j-api/2.0.17/slf4j-api-2.0.17.jar:/Users/meeranmohammed/.m2/repository/org/springframework/spring-aspects/6.2.5/spring-aspects-6.2.5.jar:/Users/meeranmohammed/.m2/repository/org/aspectj/aspectjweaver/1.9.23/aspectjweaver-1.9.23.jar:/Users/meeranmohammed/.m2/repository/org/springframework/boot/spring-boot-starter-web/3.4.4/spring-boot-starter-web-3.4.4.jar:/Users/meeranmohammed/.m2/repository/org/springframework/boot/spring-boot-starter-json/3.4.4/spring-boot-starter-json-3.4.4.jar:/Users/meeranmohammed/.m2/repository/com/fasterxml/jackson/core/jackson-databind/2.18.3/jackson-databind-2.18.3.jar:/Users/meeranmohammed/.m2/repository/com/fasterxml/jackson/core/jackson-annotations/2.18.3/jackson-annotations-2.18.3.jar:/Users/meeranmohammed/.m2/repository/com/fasterxml/jackson/core/jackson-core/2.18.3/jackson-core-2.18.3.jar:/Users/meeranmohammed/.m2/repository/com/fasterxml/jackson/datatype/jackson-datatype-jdk8/2.18.3/jackson-datatype-jdk8-2.18.3.jar:/Users/meeranmohammed/.m2/repository/com/fasterxml/jackson/datatype/jackson-datatype-jsr310/2.18.3/jackson-datatype-jsr310-2.18.3.jar:/Users/meeranmohammed/.m2/repository/com/fasterxml/jackson/module/jackson-module-parameter-names/2.18.3/jackson-module-parameter-names-2.18.3.jar:/Users/meeranmohammed/.m2/repository/org/springframework/boot/spring-boot-starter-tomcat/3.4.4/spring-boot-starter-tomcat-3.4.4.jar:/Users/meeranmohammed/.m2/repository/org/apache/tomcat/embed/tomcat-embed-core/10.1.39/tomcat-embed-core-10.1.39.jar:/Users/meeranmohammed/.m2/repository/org/apache/tomcat/embed/tomcat-embed-el/10.1.39/tomcat-embed-el-10.1.39.jar:/Users/meeranmohammed/.m2/repository/org/apache/tomcat/embed/tomcat-embed-websocket/10.1.39/tomcat-embed-websocket-10.1.39.jar:/Users/meeranmohammed/.m2/repository/org/springframework/spring-web/6.2.5/spring-web-6.2.5.jar:/Users/meeranmohammed/.m2/repository/io/micrometer/micrometer-observation/1.14.5/micrometer-observation-1.14.5.jar:/Users/meeranmohammed/.m2/repository/io/micrometer/micrometer-commons/1.14.5/micrometer-commons-1.14.5.jar:/Users/meeranmohammed/.m2/repository/org/springframework/spring-webmvc/6.2.5/spring-webmvc-6.2.5.jar:/Users/meeranmohammed/.m2/repository/org/springframework/spring-expression/6.2.5/spring-expression-6.2.5.jar:/Users/meeranmohammed/.m2/repository/org/springframework/boot/spring-boot-devtools/3.4.4/spring-boot-devtools-3.4.4.jar:/Users/meeranmohammed/.m2/repository/org/springframework/boot/spring-boot/3.4.4/spring-boot-3.4.4.jar:/Users/meeranmohammed/.m2/repository/org/springframework/boot/spring-boot-autoconfigure/3.4.4/spring-boot-autoconfigure-3.4.4.jar:/Users/meeranmohammed/.m2/repository/com/h2database/h2/2.3.232/h2-2.3.232.jar:/Users/meeranmohammed/.m2/repository/org/springframework/boot/spring-boot-starter-test/3.4.4/spring-boot-starter-test-3.4.4.jar:/Users/meeranmohammed/.m2/repository/org/springframework/boot/spring-boot-test/3.4.4/spring-boot-test-3.4.4.jar:/Users/meeranmohammed/.m2/repository/org/springframework/boot/spring-boot-test-autoconfigure/3.4.4/spring-boot-test-autoconfigure-3.4.4.jar:/Users/meeranmohammed/.m2/repository/com/jayway/jsonpath/json-path/2.9.0/json-path-2.9.0.jar:/Users/meeranmohammed/.m2/repository/jakarta/xml/bind/jakarta.xml.bind-api/4.0.2/jakarta.xml.bind-api-4.0.2.jar:/Users/meeranmohammed/.m2/repository/jakarta/activation/jakarta.activation-api/2.1.3/jakarta.activation-api-2.1.3.jar:/Users/meeranmohammed/.m2/repository/net/minidev/json-smart/2.5.2/json-smart-2.5.2.jar:/Users/meeranmohammed/.m2/repository/net/minidev/accessors-smart/2.5.2/accessors-smart-2.5.2.jar:/Users/meeranmohammed/.m2/repository/org/ow2/asm/asm/9.7.1/asm-9.7.1.jar:/Users/meeranmohammed/.m2/repository/org/assertj/assertj-core/3.26.3/assertj-core-3.26.3.jar:/Users/meeranmohammed/.m2/repository/org/awaitility/awaitility/4.2.2/awaitility-4.2.2.jar:/Users/meeranmohammed/.m2/repository/org/hamcrest/hamcrest/2.2/hamcrest-2.2.jar:/Users/meeranmohammed/.m2/repository/org/junit/jupiter/junit-jupiter/5.11.4/junit-jupiter-5.11.4.jar:/Users/meeranmohammed/.m2/repository/org/junit/jupiter/junit-jupiter-api/5.11.4/junit-jupiter-api-5.11.4.jar:/Users/meeranmohammed/.m2/repository/org/opentest4j/opentest4j/1.3.0/opentest4j-1.3.0.jar:/Users/meeranmohammed/.m2/repository/org/junit/platform/junit-platform-commons/1.11.4/junit-platform-commons-1.11.4.jar:/Users/meeranmohammed/.m2/repository/org/apiguardian/apiguardian-api/1.1.2/apiguardian-api-1.1.2.jar:/Users/meeranmohammed/.m2/repository/org/junit/jupiter/junit-jupiter-params/5.11.4/junit-jupiter-params-5.11.4.jar:/Users/meeranmohammed/.m2/repository/org/junit/jupiter/junit-jupiter-engine/5.11.4/junit-jupiter-engine-5.11.4.jar:/Users/meeranmohammed/.m2/repository/org/junit/platform/junit-platform-engine/1.11.4/junit-platform-engine-1.11.4.jar:/Users/meeranmohammed/.m2/repository/org/mockito/mockito-core/5.14.2/mockito-core-5.14.2.jar:/Users/meeranmohammed/.m2/repository/net/bytebuddy/byte-buddy-agent/1.15.11/byte-buddy-agent-1.15.11.jar:/Users/meeranmohammed/.m2/repository/org/objenesis/objenesis/3.3/objenesis-3.3.jar:/Users/meeranmohammed/.m2/repository/org/mockito/mockito-junit-jupiter/5.14.2/mockito-junit-jupiter-5.14.2.jar:/Users/meeranmohammed/.m2/repository/org/skyscreamer/jsonassert/1.5.3/jsonassert-1.5.3.jar:/Users/meeranmohammed/.m2/repository/com/vaadin/external/google/android-json/0.0.20131108.vaadin1/android-json-0.0.20131108.vaadin1.jar:/Users/meeranmohammed/.m2/repository/org/springframework/spring-core/6.2.5/spring-core-6.2.5.jar:/Users/meeranmohammed/.m2/repository/org/springframework/spring-jcl/6.2.5/spring-jcl-6.2.5.jar:/Users/meeranmohammed/.m2/repository/org/springframework/spring-test/6.2.5/spring-test-6.2.5.jar:/Users/meeranmohammed/.m2/repository/org/xmlunit/xmlunit-core/2.10.0/xmlunit-core-2.10.0.jar:/Users/meeranmohammed/.m2/repository/jakarta/validation/jakarta.validation-api/3.0.2/jakarta.validation-api-3.0.2.jar:/Users/meeranmohammed/.m2/repository/org/hibernate/validator/hibernate-validator/7.0.1.Final/hibernate-validator-7.0.1.Final.jar:/Users/meeranmohammed/.m2/repository/org/jboss/logging/jboss-logging/3.6.1.Final/jboss-logging-3.6.1.Final.jar:/Users/meeranmohammed/.m2/repository/com/fasterxml/classmate/1.7.0/classmate-1.7.0.jar:/Users/meeranmohammed/.m2/repository/io/gatling/highcharts/gatling-charts-highcharts/3.9.5/gatling-charts-highcharts-3.9.5.jar:/Users/meeranmohammed/.m2/repository/org/scala-lang/scala-library/2.13.10/scala-library-2.13.10.jar:/Users/meeranmohammed/.m2/repository/io/gatling/gatling-app/3.9.5/gatling-app-3.9.5.jar:/Users/meeranmohammed/.m2/repository/io/gatling/gatling-core/3.9.5/gatling-core-3.9.5.jar:/Users/meeranmohammed/.m2/repository/io/gatling/gatling-netty-util/3.9.5/gatling-netty-util-3.9.5.jar:/Users/meeranmohammed/.m2/repository/io/gatling/gatling-jdk-util/3.9.5/gatling-jdk-util-3.9.5.jar:/Users/meeranmohammed/.m2/repository/io/netty/incubator/netty-incubator-transport-native-io_uring/0.0.21.Final/netty-incubator-transport-native-io_uring-0.0.21.Final-linux-x86_64.jar:/Users/meeranmohammed/.m2/repository/io/netty/incubator/netty-incubator-transport-classes-io_uring/0.0.21.Final/netty-incubator-transport-classes-io_uring-0.0.21.Final.jar:/Users/meeranmohammed/.m2/repository/io/netty/incubator/netty-incubator-transport-native-io_uring/0.0.21.Final/netty-incubator-transport-native-io_uring-0.0.21.Final-linux-aarch_64.jar:/Users/meeranmohammed/.m2/repository/io/gatling/gatling-commons/3.9.5/gatling-commons-3.9.5.jar:/Users/meeranmohammed/.m2/repository/io/gatling/gatling-commons-shared/3.9.5/gatling-commons-shared-3.9.5.jar:/Users/meeranmohammed/.m2/repository/org/scala-lang/scala-reflect/2.13.10/scala-reflect-2.13.10.jar:/Users/meeranmohammed/.m2/repository/io/suzaku/boopickle_2.13/1.3.3/boopickle_2.13-1.3.3.jar:/Users/meeranmohammed/.m2/repository/io/gatling/gatling-commons-shared-unstable/3.9.5/gatling-commons-shared-unstable-3.9.5.jar:/Users/meeranmohammed/.m2/repository/org/typelevel/spire-macros_2.13/0.17.0/spire-macros_2.13-0.17.0.jar:/Users/meeranmohammed/.m2/repository/com/typesafe/scala-logging/scala-logging_2.13/3.9.5/scala-logging_2.13-3.9.5.jar:/Users/meeranmohammed/.m2/repository/io/gatling/gatling-jsonpath/3.9.5/gatling-jsonpath-3.9.5.jar:/Users/meeranmohammed/.m2/repository/com/typesafe/akka/akka-slf4j_2.13/2.6.20/akka-slf4j_2.13-2.6.20.jar:/Users/meeranmohammed/.m2/repository/org/simpleflatmapper/lightning-csv/8.2.3/lightning-csv-8.2.3.jar:/Users/meeranmohammed/.m2/repository/org/simpleflatmapper/sfm-util/8.2.3/sfm-util-8.2.3.jar:/Users/meeranmohammed/.m2/repository/com/github/ben-manes/caffeine/caffeine/3.1.8/caffeine-3.1.8.jar:/Users/meeranmohammed/.m2/repository/org/checkerframework/checker-qual/3.37.0/checker-qual-3.37.0.jar:/Users/meeranmohammed/.m2/repository/com/google/errorprone/error_prone_annotations/2.21.1/error_prone_annotations-2.21.1.jar:/Users/meeranmohammed/.m2/repository/io/pebbletemplates/pebble/3.2.1/pebble-3.2.1.jar:/Users/meeranmohammed/.m2/repository/org/unbescape/unbescape/1.1.6.RELEASE/unbescape-1.1.6.RELEASE.jar:/Users/meeranmohammed/.m2/repository/org/scala-lang/modules/scala-parser-combinators_2.13/2.3.0/scala-parser-combinators_2.13-2.3.0.jar:/Users/meeranmohammed/.m2/repository/com/github/scopt/scopt_2.13/3.7.1/scopt_2.13-3.7.1.jar:/Users/meeranmohammed/.m2/repository/io/netty/netty-handler/4.1.119.Final/netty-handler-4.1.119.Final.jar:/Users/meeranmohammed/.m2/repository/io/netty/netty-resolver/4.1.119.Final/netty-resolver-4.1.119.Final.jar:/Users/meeranmohammed/.m2/repository/io/netty/netty-transport-native-unix-common/4.1.119.Final/netty-transport-native-unix-common-4.1.119.Final.jar:/Users/meeranmohammed/.m2/repository/io/netty/netty-tcnative-classes/2.0.70.Final/netty-tcnative-classes-2.0.70.Final.jar:/Users/meeranmohammed/.m2/repository/com/softwaremill/quicklens/quicklens_2.13/1.9.3/quicklens_2.13-1.9.3.jar:/Users/meeranmohammed/.m2/repository/net/sf/saxon/Saxon-HE/10.6/Saxon-HE-10.6.jar:/Users/meeranmohammed/.m2/repository/org/jodd/jodd-lagarto/6.0.6/jodd-lagarto-6.0.6.jar:/Users/meeranmohammed/.m2/repository/org/jodd/jodd-util/6.1.0/jodd-util-6.1.0.jar:/Users/meeranmohammed/.m2/repository/io/burt/jmespath-jackson/0.5.1/jmespath-jackson-0.5.1.jar:/Users/meeranmohammed/.m2/repository/io/burt/jmespath-core/0.5.1/jmespath-core-0.5.1.jar:/Users/meeranmohammed/.m2/repository/io/gatling/gatling-core-java/3.9.5/gatling-core-java-3.9.5.jar:/Users/meeranmohammed/.m2/repository/net/jodah/typetools/0.6.3/typetools-0.6.3.jar:/Users/meeranmohammed/.m2/repository/com/google/code/findbugs/jsr305/3.0.2/jsr305-3.0.2.jar:/Users/meeranmohammed/.m2/repository/io/gatling/gatling-http/3.9.5/gatling-http-3.9.5.jar:/Users/meeranmohammed/.m2/repository/io/gatling/gatling-http-client/3.9.5/gatling-http-client-3.9.5.jar:/Users/meeranmohammed/.m2/repository/io/netty/netty-handler-proxy/4.1.119.Final/netty-handler-proxy-4.1.119.Final.jar:/Users/meeranmohammed/.m2/repository/io/netty/netty-codec-socks/4.1.119.Final/netty-codec-socks-4.1.119.Final.jar:/Users/meeranmohammed/.m2/repository/io/netty/netty-resolver-dns/4.1.119.Final/netty-resolver-dns-4.1.119.Final.jar:/Users/meeranmohammed/.m2/repository/io/netty/netty-codec-dns/4.1.119.Final/netty-codec-dns-4.1.119.Final.jar:/Users/meeranmohammed/.m2/repository/io/netty/netty-codec-http2/4.1.119.Final/netty-codec-http2-4.1.119.Final.jar:/Users/meeranmohammed/.m2/repository/io/netty/netty-resolver-dns-native-macos/4.1.119.Final/netty-resolver-dns-native-macos-4.1.119.Final-osx-x86_64.jar:/Users/meeranmohammed/.m2/repository/io/netty/netty-resolver-dns-classes-macos/4.1.119.Final/netty-resolver-dns-classes-macos-4.1.119.Final.jar:/Users/meeranmohammed/.m2/repository/io/netty/netty-resolver-dns-native-macos/4.1.119.Final/netty-resolver-dns-native-macos-4.1.119.Final-osx-aarch_64.jar:/Users/meeranmohammed/.m2/repository/io/netty/netty-tcnative-boringssl-static/2.0.70.Final/netty-tcnative-boringssl-static-2.0.70.Final.jar:/Users/meeranmohammed/.m2/repository/io/netty/netty-tcnative-boringssl-static/2.0.70.Final/netty-tcnative-boringssl-static-2.0.70.Final-linux-x86_64.jar:/Users/meeranmohammed/.m2/repository/io/netty/netty-tcnative-boringssl-static/2.0.70.Final/netty-tcnative-boringssl-static-2.0.70.Final-linux-aarch_64.jar:/Users/meeranmohammed/.m2/repository/io/netty/netty-tcnative-boringssl-static/2.0.70.Final/netty-tcnative-boringssl-static-2.0.70.Final-osx-x86_64.jar:/Users/meeranmohammed/.m2/repository/io/netty/netty-tcnative-boringssl-static/2.0.70.Final/netty-tcnative-boringssl-static-2.0.70.Final-osx-aarch_64.jar:/Users/meeranmohammed/.m2/repository/io/netty/netty-tcnative-boringssl-static/2.0.70.Final/netty-tcnative-boringssl-static-2.0.70.Final-windows-x86_64.jar:/Users/meeranmohammed/.m2/repository/com/aayushatharva/brotli4j/brotli4j/1.11.0/brotli4j-1.11.0.jar:/Users/meeranmohammed/.m2/repository/com/aayushatharva/brotli4j/service/1.11.0/service-1.11.0.jar:/Users/meeranmohammed/.m2/repository/com/aayushatharva/brotli4j/native-linux-x86_64/1.11.0/native-linux-x86_64-1.11.0.jar:/Users/meeranmohammed/.m2/repository/com/aayushatharva/brotli4j/native-linux-aarch64/1.11.0/native-linux-aarch64-1.11.0.jar:/Users/meeranmohammed/.m2/repository/com/aayushatharva/brotli4j/native-osx-x86_64/1.11.0/native-osx-x86_64-1.11.0.jar:/Users/meeranmohammed/.m2/repository/com/aayushatharva/brotli4j/native-osx-aarch64/1.11.0/native-osx-aarch64-1.11.0.jar:/Users/meeranmohammed/.m2/repository/com/aayushatharva/brotli4j/native-windows-x86_64/1.11.0/native-windows-x86_64-1.11.0.jar:/Users/meeranmohammed/.m2/repository/io/gatling/gatling-http-java/3.9.5/gatling-http-java-3.9.5.jar:/Users/meeranmohammed/.m2/repository/io/gatling/gatling-jms/3.9.5/gatling-jms-3.9.5.jar:/Users/meeranmohammed/.m2/repository/javax/jms/javax.jms-api/2.0.1/javax.jms-api-2.0.1.jar:/Users/meeranmohammed/.m2/repository/com/eatthepath/fast-uuid/0.2.0/fast-uuid-0.2.0.jar:/Users/meeranmohammed/.m2/repository/io/gatling/gatling-jms-java/3.9.5/gatling-jms-java-3.9.5.jar:/Users/meeranmohammed/.m2/repository/io/gatling/gatling-mqtt/3.9.5/gatling-mqtt-3.9.5.jar:/Users/meeranmohammed/.m2/repository/io/netty/netty-codec-mqtt/4.1.119.Final/netty-codec-mqtt-4.1.119.Final.jar:/Users/meeranmohammed/.m2/repository/io/netty/netty-transport-native-epoll/4.1.119.Final/netty-transport-native-epoll-4.1.119.Final-linux-x86_64.jar:/Users/meeranmohammed/.m2/repository/io/netty/netty-transport-classes-epoll/4.1.119.Final/netty-transport-classes-epoll-4.1.119.Final.jar:/Users/meeranmohammed/.m2/repository/io/netty/netty-transport-native-epoll/4.1.119.Final/netty-transport-native-epoll-4.1.119.Final-linux-aarch_64.jar:/Users/meeranmohammed/.m2/repository/io/gatling/gatling-mqtt-java/3.9.5/gatling-mqtt-java-3.9.5.jar:/Users/meeranmohammed/.m2/repository/io/gatling/gatling-jdbc/3.9.5/gatling-jdbc-3.9.5.jar:/Users/meeranmohammed/.m2/repository/io/gatling/gatling-jdbc-java/3.9.5/gatling-jdbc-java-3.9.5.jar:/Users/meeranmohammed/.m2/repository/io/gatling/gatling-redis/3.9.5/gatling-redis-3.9.5.jar:/Users/meeranmohammed/.m2/repository/net/debasishg/redisclient_2.13/3.42/redisclient_2.13-3.42.jar:/Users/meeranmohammed/.m2/repository/org/apache/commons/commons-pool2/2.12.1/commons-pool2-2.12.1.jar:/Users/meeranmohammed/.m2/repository/io/gatling/gatling-redis-java/3.9.5/gatling-redis-java-3.9.5.jar:/Users/meeranmohammed/.m2/repository/io/gatling/gatling-graphite/3.9.5/gatling-graphite-3.9.5.jar:/Users/meeranmohammed/.m2/repository/org/hdrhistogram/HdrHistogram/2.1.12/HdrHistogram-2.1.12.jar:/Users/meeranmohammed/.m2/repository/io/gatling/gatling-charts/3.9.5/gatling-charts-3.9.5.jar:/Users/meeranmohammed/.m2/repository/com/tdunning/t-digest/3.1/t-digest-3.1.jar:/Users/meeranmohammed/.m2/repository/io/gatling/gatling-recorder/3.9.5/gatling-recorder-3.9.5.jar:/Users/meeranmohammed/.m2/repository/org/scala-lang/modules/scala-swing_2.13/3.0.0/scala-swing_2.13-3.0.0.jar:/Users/meeranmohammed/.m2/repository/io/gatling/gatling-recorder-bc-shaded/1.73/gatling-recorder-bc-shaded-1.73.jar:/Users/meeranmohammed/.m2/repository/io/netty/netty-codec-http/4.1.119.Final/netty-codec-http-4.1.119.Final.jar:/Users/meeranmohammed/.m2/repository/io/netty/netty-common/4.1.119.Final/netty-common-4.1.119.Final.jar:/Users/meeranmohammed/.m2/repository/io/netty/netty-buffer/4.1.119.Final/netty-buffer-4.1.119.Final.jar:/Users/meeranmohammed/.m2/repository/io/netty/netty-transport/4.1.119.Final/netty-transport-4.1.119.Final.jar:/Users/meeranmohammed/.m2/repository/io/netty/netty-codec/4.1.119.Final/netty-codec-4.1.119.Final.jar:/Users/meeranmohammed/.m2/repository/com/typesafe/akka/akka-actor_2.13/2.6.20/akka-actor_2.13-2.6.20.jar:/Users/meeranmohammed/.m2/repository/com/typesafe/config/1.4.2/config-1.4.2.jar:/Users/meeranmohammed/.m2/repository/org/scala-lang/modules/scala-java8-compat_2.13/1.0.0/scala-java8-compat_2.13-1.0.0.jar:"/>
    <property name="java.vm.vendor" value="GraalVM Community"/>
    <property name="sun.arch.data.model" value="64"/>
    <property name="java.vendor.url" value="https://www.graalvm.org/"/>
    <property name="user.timezone" value="America/Chicago"/>
    <property name="org.jboss.logging.provider" value="slf4j"/>
    <property name="os.name" value="Mac OS X"/>
    <property name="java.vm.specification.version" value="17"/>
    <property name="APPLICATION_NAME" value="CustomerManagementService"/>
    <property name="sun.java.launcher" value="SUN_STANDARD"/>
    <property name="user.country" value="US"/>
    <property name="sun.boot.library.path" value="/Users/meeranmohammed/.sdkman/candidates/java/17.0.9-graalce/lib"/>
    <property name="sun.java.command" value="/Users/meeranmohammed/Downloads/customer-management-service/target/surefire/surefirebooter-20250416004627054_3.jar /Users/meeranmohammed/Downloads/customer-management-service/target/surefire 2025-04-16T00-46-26_907-jvmRun1 surefire-20250416004627054_1tmp surefire_0-20250416004627054_2tmp"/>
    <property name="http.nonProxyHosts" value="local|*.local|169.254/16|*.169.254/16"/>
    <property name="jdk.debug" value="release"/>
    <property name="surefire.test.class.path" value="/Users/meeranmohammed/Downloads/customer-management-service/target/test-classes:/Users/meeranmohammed/Downloads/customer-management-service/target/classes:/Users/meeranmohammed/.m2/repository/org/springframework/boot/spring-boot-starter-data-jpa/3.4.4/spring-boot-starter-data-jpa-3.4.4.jar:/Users/meeranmohammed/.m2/repository/org/springframework/boot/spring-boot-starter/3.4.4/spring-boot-starter-3.4.4.jar:/Users/meeranmohammed/.m2/repository/org/springframework/boot/spring-boot-starter-logging/3.4.4/spring-boot-starter-logging-3.4.4.jar:/Users/meeranmohammed/.m2/repository/ch/qos/logback/logback-classic/1.5.18/logback-classic-1.5.18.jar:/Users/meeranmohammed/.m2/repository/ch/qos/logback/logback-core/1.5.18/logback-core-1.5.18.jar:/Users/meeranmohammed/.m2/repository/org/apache/logging/log4j/log4j-to-slf4j/2.24.3/log4j-to-slf4j-2.24.3.jar:/Users/meeranmohammed/.m2/repository/org/apache/logging/log4j/log4j-api/2.24.3/log4j-api-2.24.3.jar:/Users/meeranmohammed/.m2/repository/org/slf4j/jul-to-slf4j/2.0.17/jul-to-slf4j-2.0.17.jar:/Users/meeranmohammed/.m2/repository/jakarta/annotation/jakarta.annotation-api/2.1.1/jakarta.annotation-api-2.1.1.jar:/Users/meeranmohammed/.m2/repository/org/yaml/snakeyaml/2.3/snakeyaml-2.3.jar:/Users/meeranmohammed/.m2/repository/org/springframework/boot/spring-boot-starter-jdbc/3.4.4/spring-boot-starter-jdbc-3.4.4.jar:/Users/meeranmohammed/.m2/repository/com/zaxxer/HikariCP/5.1.0/HikariCP-5.1.0.jar:/Users/meeranmohammed/.m2/repository/org/springframework/spring-jdbc/6.2.5/spring-jdbc-6.2.5.jar:/Users/meeranmohammed/.m2/repository/org/hibernate/orm/hibernate-core/6.6.11.Final/hibernate-core-6.6.11.Final.jar:/Users/meeranmohammed/.m2/repository/jakarta/persistence/jakarta.persistence-api/3.1.0/jakarta.persistence-api-3.1.0.jar:/Users/meeranmohammed/.m2/repository/jakarta/transaction/jakarta.transaction-api/2.0.1/jakarta.transaction-api-2.0.1.jar:/Users/meeranmohammed/.m2/repository/org/hibernate/common/hibernate-commons-annotations/7.0.3.Final/hibernate-commons-annotations-7.0.3.Final.jar:/Users/meeranmohammed/.m2/repository/io/smallrye/jandex/3.2.0/jandex-3.2.0.jar:/Users/meeranmohammed/.m2/repository/net/bytebuddy/byte-buddy/1.15.11/byte-buddy-1.15.11.jar:/Users/meeranmohammed/.m2/repository/org/glassfish/jaxb/jaxb-runtime/4.0.5/jaxb-runtime-4.0.5.jar:/Users/meeranmohammed/.m2/repository/org/glassfish/jaxb/jaxb-core/4.0.5/jaxb-core-4.0.5.jar:/Users/meeranmohammed/.m2/repository/org/eclipse/angus/angus-activation/2.0.2/angus-activation-2.0.2.jar:/Users/meeranmohammed/.m2/repository/org/glassfish/jaxb/txw2/4.0.5/txw2-4.0.5.jar:/Users/meeranmohammed/.m2/repository/com/sun/istack/istack-commons-runtime/4.1.2/istack-commons-runtime-4.1.2.jar:/Users/meeranmohammed/.m2/repository/jakarta/inject/jakarta.inject-api/2.0.1/jakarta.inject-api-2.0.1.jar:/Users/meeranmohammed/.m2/repository/org/antlr/antlr4-runtime/4.13.0/antlr4-runtime-4.13.0.jar:/Users/meeranmohammed/.m2/repository/org/springframework/data/spring-data-jpa/3.4.4/spring-data-jpa-3.4.4.jar:/Users/meeranmohammed/.m2/repository/org/springframework/data/spring-data-commons/3.4.4/spring-data-commons-3.4.4.jar:/Users/meeranmohammed/.m2/repository/org/springframework/spring-orm/6.2.5/spring-orm-6.2.5.jar:/Users/meeranmohammed/.m2/repository/org/springframework/spring-context/6.2.5/spring-context-6.2.5.jar:/Users/meeranmohammed/.m2/repository/org/springframework/spring-aop/6.2.5/spring-aop-6.2.5.jar:/Users/meeranmohammed/.m2/repository/org/springframework/spring-tx/6.2.5/spring-tx-6.2.5.jar:/Users/meeranmohammed/.m2/repository/org/springframework/spring-beans/6.2.5/spring-beans-6.2.5.jar:/Users/meeranmohammed/.m2/repository/org/slf4j/slf4j-api/2.0.17/slf4j-api-2.0.17.jar:/Users/meeranmohammed/.m2/repository/org/springframework/spring-aspects/6.2.5/spring-aspects-6.2.5.jar:/Users/meeranmohammed/.m2/repository/org/aspectj/aspectjweaver/1.9.23/aspectjweaver-1.9.23.jar:/Users/meeranmohammed/.m2/repository/org/springframework/boot/spring-boot-starter-web/3.4.4/spring-boot-starter-web-3.4.4.jar:/Users/meeranmohammed/.m2/repository/org/springframework/boot/spring-boot-starter-json/3.4.4/spring-boot-starter-json-3.4.4.jar:/Users/meeranmohammed/.m2/repository/com/fasterxml/jackson/core/jackson-databind/2.18.3/jackson-databind-2.18.3.jar:/Users/meeranmohammed/.m2/repository/com/fasterxml/jackson/core/jackson-annotations/2.18.3/jackson-annotations-2.18.3.jar:/Users/meeranmohammed/.m2/repository/com/fasterxml/jackson/core/jackson-core/2.18.3/jackson-core-2.18.3.jar:/Users/meeranmohammed/.m2/repository/com/fasterxml/jackson/datatype/jackson-datatype-jdk8/2.18.3/jackson-datatype-jdk8-2.18.3.jar:/Users/meeranmohammed/.m2/repository/com/fasterxml/jackson/datatype/jackson-datatype-jsr310/2.18.3/jackson-datatype-jsr310-2.18.3.jar:/Users/meeranmohammed/.m2/repository/com/fasterxml/jackson/module/jackson-module-parameter-names/2.18.3/jackson-module-parameter-names-2.18.3.jar:/Users/meeranmohammed/.m2/repository/org/springframework/boot/spring-boot-starter-tomcat/3.4.4/spring-boot-starter-tomcat-3.4.4.jar:/Users/meeranmohammed/.m2/repository/org/apache/tomcat/embed/tomcat-embed-core/10.1.39/tomcat-embed-core-10.1.39.jar:/Users/meeranmohammed/.m2/repository/org/apache/tomcat/embed/tomcat-embed-el/10.1.39/tomcat-embed-el-10.1.39.jar:/Users/meeranmohammed/.m2/repository/org/apache/tomcat/embed/tomcat-embed-websocket/10.1.39/tomcat-embed-websocket-10.1.39.jar:/Users/meeranmohammed/.m2/repository/org/springframework/spring-web/6.2.5/spring-web-6.2.5.jar:/Users/meeranmohammed/.m2/repository/io/micrometer/micrometer-observation/1.14.5/micrometer-observation-1.14.5.jar:/Users/meeranmohammed/.m2/repository/io/micrometer/micrometer-commons/1.14.5/micrometer-commons-1.14.5.jar:/Users/meeranmohammed/.m2/repository/org/springframework/spring-webmvc/6.2.5/spring-webmvc-6.2.5.jar:/Users/meeranmohammed/.m2/repository/org/springframework/spring-expression/6.2.5/spring-expression-6.2.5.jar:/Users/meeranmohammed/.m2/repository/org/springframework/boot/spring-boot-devtools/3.4.4/spring-boot-devtools-3.4.4.jar:/Users/meeranmohammed/.m2/repository/org/springframework/boot/spring-boot/3.4.4/spring-boot-3.4.4.jar:/Users/meeranmohammed/.m2/repository/org/springframework/boot/spring-boot-autoconfigure/3.4.4/spring-boot-autoconfigure-3.4.4.jar:/Users/meeranmohammed/.m2/repository/com/h2database/h2/2.3.232/h2-2.3.232.jar:/Users/meeranmohammed/.m2/repository/org/springframework/boot/spring-boot-starter-test/3.4.4/spring-boot-starter-test-3.4.4.jar:/Users/meeranmohammed/.m2/repository/org/springframework/boot/spring-boot-test/3.4.4/spring-boot-test-3.4.4.jar:/Users/meeranmohammed/.m2/repository/org/springframework/boot/spring-boot-test-autoconfigure/3.4.4/spring-boot-test-autoconfigure-3.4.4.jar:/Users/meeranmohammed/.m2/repository/com/jayway/jsonpath/json-path/2.9.0/json-path-2.9.0.jar:/Users/meeranmohammed/.m2/repository/jakarta/xml/bind/jakarta.xml.bind-api/4.0.2/jakarta.xml.bind-api-4.0.2.jar:/Users/meeranmohammed/.m2/repository/jakarta/activation/jakarta.activation-api/2.1.3/jakarta.activation-api-2.1.3.jar:/Users/meeranmohammed/.m2/repository/net/minidev/json-smart/2.5.2/json-smart-2.5.2.jar:/Users/meeranmohammed/.m2/repository/net/minidev/accessors-smart/2.5.2/accessors-smart-2.5.2.jar:/Users/meeranmohammed/.m2/repository/org/ow2/asm/asm/9.7.1/asm-9.7.1.jar:/Users/meeranmohammed/.m2/repository/org/assertj/assertj-core/3.26.3/assertj-core-3.26.3.jar:/Users/meeranmohammed/.m2/repository/org/awaitility/awaitility/4.2.2/awaitility-4.2.2.jar:/Users/meeranmohammed/.m2/repository/org/hamcrest/hamcrest/2.2/hamcrest-2.2.jar:/Users/meeranmohammed/.m2/repository/org/junit/jupiter/junit-jupiter/5.11.4/junit-jupiter-5.11.4.jar:/Users/meeranmohammed/.m2/repository/org/junit/jupiter/junit-jupiter-api/5.11.4/junit-jupiter-api-5.11.4.jar:/Users/meeranmohammed/.m2/repository/org/opentest4j/opentest4j/1.3.0/opentest4j-1.3.0.jar:/Users/meeranmohammed/.m2/repository/org/junit/platform/junit-platform-commons/1.11.4/junit-platform-commons-1.11.4.jar:/Users/meeranmohammed/.m2/repository/org/apiguardian/apiguardian-api/1.1.2/apiguardian-api-1.1.2.jar:/Users/meeranmohammed/.m2/repository/org/junit/jupiter/junit-jupiter-params/5.11.4/junit-jupiter-params-5.11.4.jar:/Users/meeranmohammed/.m2/repository/org/junit/jupiter/junit-jupiter-engine/5.11.4/junit-jupiter-engine-5.11.4.jar:/Users/meeranmohammed/.m2/repository/org/junit/platform/junit-platform-engine/1.11.4/junit-platform-engine-1.11.4.jar:/Users/meeranmohammed/.m2/repository/org/mockito/mockito-core/5.14.2/mockito-core-5.14.2.jar:/Users/meeranmohammed/.m2/repository/net/bytebuddy/byte-buddy-agent/1.15.11/byte-buddy-agent-1.15.11.jar:/Users/meeranmohammed/.m2/repository/org/objenesis/objenesis/3.3/objenesis-3.3.jar:/Users/meeranmohammed/.m2/repository/org/mockito/mockito-junit-jupiter/5.14.2/mockito-junit-jupiter-5.14.2.jar:/Users/meeranmohammed/.m2/repository/org/skyscreamer/jsonassert/1.5.3/jsonassert-1.5.3.jar:/Users/meeranmohammed/.m2/repository/com/vaadin/external/google/android-json/0.0.20131108.vaadin1/android-json-0.0.20131108.vaadin1.jar:/Users/meeranmohammed/.m2/repository/org/springframework/spring-core/6.2.5/spring-core-6.2.5.jar:/Users/meeranmohammed/.m2/repository/org/springframework/spring-jcl/6.2.5/spring-jcl-6.2.5.jar:/Users/meeranmohammed/.m2/repository/org/springframework/spring-test/6.2.5/spring-test-6.2.5.jar:/Users/meeranmohammed/.m2/repository/org/xmlunit/xmlunit-core/2.10.0/xmlunit-core-2.10.0.jar:/Users/meeranmohammed/.m2/repository/jakarta/validation/jakarta.validation-api/3.0.2/jakarta.validation-api-3.0.2.jar:/Users/meeranmohammed/.m2/repository/org/hibernate/validator/hibernate-validator/7.0.1.Final/hibernate-validator-7.0.1.Final.jar:/Users/meeranmohammed/.m2/repository/org/jboss/logging/jboss-logging/3.6.1.Final/jboss-logging-3.6.1.Final.jar:/Users/meeranmohammed/.m2/repository/com/fasterxml/classmate/1.7.0/classmate-1.7.0.jar:/Users/meeranmohammed/.m2/repository/io/gatling/highcharts/gatling-charts-highcharts/3.9.5/gatling-charts-highcharts-3.9.5.jar:/Users/meeranmohammed/.m2/repository/org/scala-lang/scala-library/2.13.10/scala-library-2.13.10.jar:/Users/meeranmohammed/.m2/repository/io/gatling/gatling-app/3.9.5/gatling-app-3.9.5.jar:/Users/meeranmohammed/.m2/repository/io/gatling/gatling-core/3.9.5/gatling-core-3.9.5.jar:/Users/meeranmohammed/.m2/repository/io/gatling/gatling-netty-util/3.9.5/gatling-netty-util-3.9.5.jar:/Users/meeranmohammed/.m2/repository/io/gatling/gatling-jdk-util/3.9.5/gatling-jdk-util-3.9.5.jar:/Users/meeranmohammed/.m2/repository/io/netty/incubator/netty-incubator-transport-native-io_uring/0.0.21.Final/netty-incubator-transport-native-io_uring-0.0.21.Final-linux-x86_64.jar:/Users/meeranmohammed/.m2/repository/io/netty/incubator/netty-incubator-transport-classes-io_uring/0.0.21.Final/netty-incubator-transport-classes-io_uring-0.0.21.Final.jar:/Users/meeranmohammed/.m2/repository/io/netty/incubator/netty-incubator-transport-native-io_uring/0.0.21.Final/netty-incubator-transport-native-io_uring-0.0.21.Final-linux-aarch_64.jar:/Users/meeranmohammed/.m2/repository/io/gatling/gatling-commons/3.9.5/gatling-commons-3.9.5.jar:/Users/meeranmohammed/.m2/repository/io/gatling/gatling-commons-shared/3.9.5/gatling-commons-shared-3.9.5.jar:/Users/meeranmohammed/.m2/repository/org/scala-lang/scala-reflect/2.13.10/scala-reflect-2.13.10.jar:/Users/meeranmohammed/.m2/repository/io/suzaku/boopickle_2.13/1.3.3/boopickle_2.13-1.3.3.jar:/Users/meeranmohammed/.m2/repository/io/gatling/gatling-commons-shared-unstable/3.9.5/gatling-commons-shared-unstable-3.9.5.jar:/Users/meeranmohammed/.m2/repository/org/typelevel/spire-macros_2.13/0.17.0/spire-macros_2.13-0.17.0.jar:/Users/meeranmohammed/.m2/repository/com/typesafe/scala-logging/scala-logging_2.13/3.9.5/scala-logging_2.13-3.9.5.jar:/Users/meeranmohammed/.m2/repository/io/gatling/gatling-jsonpath/3.9.5/gatling-jsonpath-3.9.5.jar:/Users/meeranmohammed/.m2/repository/com/typesafe/akka/akka-slf4j_2.13/2.6.20/akka-slf4j_2.13-2.6.20.jar:/Users/meeranmohammed/.m2/repository/org/simpleflatmapper/lightning-csv/8.2.3/lightning-csv-8.2.3.jar:/Users/meeranmohammed/.m2/repository/org/simpleflatmapper/sfm-util/8.2.3/sfm-util-8.2.3.jar:/Users/meeranmohammed/.m2/repository/com/github/ben-manes/caffeine/caffeine/3.1.8/caffeine-3.1.8.jar:/Users/meeranmohammed/.m2/repository/org/checkerframework/checker-qual/3.37.0/checker-qual-3.37.0.jar:/Users/meeranmohammed/.m2/repository/com/google/errorprone/error_prone_annotations/2.21.1/error_prone_annotations-2.21.1.jar:/Users/meeranmohammed/.m2/repository/io/pebbletemplates/pebble/3.2.1/pebble-3.2.1.jar:/Users/meeranmohammed/.m2/repository/org/unbescape/unbescape/1.1.6.RELEASE/unbescape-1.1.6.RELEASE.jar:/Users/meeranmohammed/.m2/repository/org/scala-lang/modules/scala-parser-combinators_2.13/2.3.0/scala-parser-combinators_2.13-2.3.0.jar:/Users/meeranmohammed/.m2/repository/com/github/scopt/scopt_2.13/3.7.1/scopt_2.13-3.7.1.jar:/Users/meeranmohammed/.m2/repository/io/netty/netty-handler/4.1.119.Final/netty-handler-4.1.119.Final.jar:/Users/meeranmohammed/.m2/repository/io/netty/netty-resolver/4.1.119.Final/netty-resolver-4.1.119.Final.jar:/Users/meeranmohammed/.m2/repository/io/netty/netty-transport-native-unix-common/4.1.119.Final/netty-transport-native-unix-common-4.1.119.Final.jar:/Users/meeranmohammed/.m2/repository/io/netty/netty-tcnative-classes/2.0.70.Final/netty-tcnative-classes-2.0.70.Final.jar:/Users/meeranmohammed/.m2/repository/com/softwaremill/quicklens/quicklens_2.13/1.9.3/quicklens_2.13-1.9.3.jar:/Users/meeranmohammed/.m2/repository/net/sf/saxon/Saxon-HE/10.6/Saxon-HE-10.6.jar:/Users/meeranmohammed/.m2/repository/org/jodd/jodd-lagarto/6.0.6/jodd-lagarto-6.0.6.jar:/Users/meeranmohammed/.m2/repository/org/jodd/jodd-util/6.1.0/jodd-util-6.1.0.jar:/Users/meeranmohammed/.m2/repository/io/burt/jmespath-jackson/0.5.1/jmespath-jackson-0.5.1.jar:/Users/meeranmohammed/.m2/repository/io/burt/jmespath-core/0.5.1/jmespath-core-0.5.1.jar:/Users/meeranmohammed/.m2/repository/io/gatling/gatling-core-java/3.9.5/gatling-core-java-3.9.5.jar:/Users/meeranmohammed/.m2/repository/net/jodah/typetools/0.6.3/typetools-0.6.3.jar:/Users/meeranmohammed/.m2/repository/com/google/code/findbugs/jsr305/3.0.2/jsr305-3.0.2.jar:/Users/meeranmohammed/.m2/repository/io/gatling/gatling-http/3.9.5/gatling-http-3.9.5.jar:/Users/meeranmohammed/.m2/repository/io/gatling/gatling-http-client/3.9.5/gatling-http-client-3.9.5.jar:/Users/meeranmohammed/.m2/repository/io/netty/netty-handler-proxy/4.1.119.Final/netty-handler-proxy-4.1.119.Final.jar:/Users/meeranmohammed/.m2/repository/io/netty/netty-codec-socks/4.1.119.Final/netty-codec-socks-4.1.119.Final.jar:/Users/meeranmohammed/.m2/repository/io/netty/netty-resolver-dns/4.1.119.Final/netty-resolver-dns-4.1.119.Final.jar:/Users/meeranmohammed/.m2/repository/io/netty/netty-codec-dns/4.1.119.Final/netty-codec-dns-4.1.119.Final.jar:/Users/meeranmohammed/.m2/repository/io/netty/netty-codec-http2/4.1.119.Final/netty-codec-http2-4.1.119.Final.jar:/Users/meeranmohammed/.m2/repository/io/netty/netty-resolver-dns-native-macos/4.1.119.Final/netty-resolver-dns-native-macos-4.1.119.Final-osx-x86_64.jar:/Users/meeranmohammed/.m2/repository/io/netty/netty-resolver-dns-classes-macos/4.1.119.Final/netty-resolver-dns-classes-macos-4.1.119.Final.jar:/Users/meeranmohammed/.m2/repository/io/netty/netty-resolver-dns-native-macos/4.1.119.Final/netty-resolver-dns-native-macos-4.1.119.Final-osx-aarch_64.jar:/Users/meeranmohammed/.m2/repository/io/netty/netty-tcnative-boringssl-static/2.0.70.Final/netty-tcnative-boringssl-static-2.0.70.Final.jar:/Users/meeranmohammed/.m2/repository/io/netty/netty-tcnative-boringssl-static/2.0.70.Final/netty-tcnative-boringssl-static-2.0.70.Final-linux-x86_64.jar:/Users/meeranmohammed/.m2/repository/io/netty/netty-tcnative-boringssl-static/2.0.70.Final/netty-tcnative-boringssl-static-2.0.70.Final-linux-aarch_64.jar:/Users/meeranmohammed/.m2/repository/io/netty/netty-tcnative-boringssl-static/2.0.70.Final/netty-tcnative-boringssl-static-2.0.70.Final-osx-x86_64.jar:/Users/meeranmohammed/.m2/repository/io/netty/netty-tcnative-boringssl-static/2.0.70.Final/netty-tcnative-boringssl-static-2.0.70.Final-osx-aarch_64.jar:/Users/meeranmohammed/.m2/repository/io/netty/netty-tcnative-boringssl-static/2.0.70.Final/netty-tcnative-boringssl-static-2.0.70.Final-windows-x86_64.jar:/Users/meeranmohammed/.m2/repository/com/aayushatharva/brotli4j/brotli4j/1.11.0/brotli4j-1.11.0.jar:/Users/meeranmohammed/.m2/repository/com/aayushatharva/brotli4j/service/1.11.0/service-1.11.0.jar:/Users/meeranmohammed/.m2/repository/com/aayushatharva/brotli4j/native-linux-x86_64/1.11.0/native-linux-x86_64-1.11.0.jar:/Users/meeranmohammed/.m2/repository/com/aayushatharva/brotli4j/native-linux-aarch64/1.11.0/native-linux-aarch64-1.11.0.jar:/Users/meeranmohammed/.m2/repository/com/aayushatharva/brotli4j/native-osx-x86_64/1.11.0/native-osx-x86_64-1.11.0.jar:/Users/meeranmohammed/.m2/repository/com/aayushatharva/brotli4j/native-osx-aarch64/1.11.0/native-osx-aarch64-1.11.0.jar:/Users/meeranmohammed/.m2/repository/com/aayushatharva/brotli4j/native-windows-x86_64/1.11.0/native-windows-x86_64-1.11.0.jar:/Users/meeranmohammed/.m2/repository/io/gatling/gatling-http-java/3.9.5/gatling-http-java-3.9.5.jar:/Users/meeranmohammed/.m2/repository/io/gatling/gatling-jms/3.9.5/gatling-jms-3.9.5.jar:/Users/meeranmohammed/.m2/repository/javax/jms/javax.jms-api/2.0.1/javax.jms-api-2.0.1.jar:/Users/meeranmohammed/.m2/repository/com/eatthepath/fast-uuid/0.2.0/fast-uuid-0.2.0.jar:/Users/meeranmohammed/.m2/repository/io/gatling/gatling-jms-java/3.9.5/gatling-jms-java-3.9.5.jar:/Users/meeranmohammed/.m2/repository/io/gatling/gatling-mqtt/3.9.5/gatling-mqtt-3.9.5.jar:/Users/meeranmohammed/.m2/repository/io/netty/netty-codec-mqtt/4.1.119.Final/netty-codec-mqtt-4.1.119.Final.jar:/Users/meeranmohammed/.m2/repository/io/netty/netty-transport-native-epoll/4.1.119.Final/netty-transport-native-epoll-4.1.119.Final-linux-x86_64.jar:/Users/meeranmohammed/.m2/repository/io/netty/netty-transport-classes-epoll/4.1.119.Final/netty-transport-classes-epoll-4.1.119.Final.jar:/Users/meeranmohammed/.m2/repository/io/netty/netty-transport-native-epoll/4.1.119.Final/netty-transport-native-epoll-4.1.119.Final-linux-aarch_64.jar:/Users/meeranmohammed/.m2/repository/io/gatling/gatling-mqtt-java/3.9.5/gatling-mqtt-java-3.9.5.jar:/Users/meeranmohammed/.m2/repository/io/gatling/gatling-jdbc/3.9.5/gatling-jdbc-3.9.5.jar:/Users/meeranmohammed/.m2/repository/io/gatling/gatling-jdbc-java/3.9.5/gatling-jdbc-java-3.9.5.jar:/Users/meeranmohammed/.m2/repository/io/gatling/gatling-redis/3.9.5/gatling-redis-3.9.5.jar:/Users/meeranmohammed/.m2/repository/net/debasishg/redisclient_2.13/3.42/redisclient_2.13-3.42.jar:/Users/meeranmohammed/.m2/repository/org/apache/commons/commons-pool2/2.12.1/commons-pool2-2.12.1.jar:/Users/meeranmohammed/.m2/repository/io/gatling/gatling-redis-java/3.9.5/gatling-redis-java-3.9.5.jar:/Users/meeranmohammed/.m2/repository/io/gatling/gatling-graphite/3.9.5/gatling-graphite-3.9.5.jar:/Users/meeranmohammed/.m2/repository/org/hdrhistogram/HdrHistogram/2.1.12/HdrHistogram-2.1.12.jar:/Users/meeranmohammed/.m2/repository/io/gatling/gatling-charts/3.9.5/gatling-charts-3.9.5.jar:/Users/meeranmohammed/.m2/repository/com/tdunning/t-digest/3.1/t-digest-3.1.jar:/Users/meeranmohammed/.m2/repository/io/gatling/gatling-recorder/3.9.5/gatling-recorder-3.9.5.jar:/Users/meeranmohammed/.m2/repository/org/scala-lang/modules/scala-swing_2.13/3.0.0/scala-swing_2.13-3.0.0.jar:/Users/meeranmohammed/.m2/repository/io/gatling/gatling-recorder-bc-shaded/1.73/gatling-recorder-bc-shaded-1.73.jar:/Users/meeranmohammed/.m2/repository/io/netty/netty-codec-http/4.1.119.Final/netty-codec-http-4.1.119.Final.jar:/Users/meeranmohammed/.m2/repository/io/netty/netty-common/4.1.119.Final/netty-common-4.1.119.Final.jar:/Users/meeranmohammed/.m2/repository/io/netty/netty-buffer/4.1.119.Final/netty-buffer-4.1.119.Final.jar:/Users/meeranmohammed/.m2/repository/io/netty/netty-transport/4.1.119.Final/netty-transport-4.1.119.Final.jar:/Users/meeranmohammed/.m2/repository/io/netty/netty-codec/4.1.119.Final/netty-codec-4.1.119.Final.jar:/Users/meeranmohammed/.m2/repository/com/typesafe/akka/akka-actor_2.13/2.6.20/akka-actor_2.13-2.6.20.jar:/Users/meeranmohammed/.m2/repository/com/typesafe/config/1.4.2/config-1.4.2.jar:/Users/meeranmohammed/.m2/repository/org/scala-lang/modules/scala-java8-compat_2.13/1.0.0/scala-java8-compat_2.13-1.0.0.jar:"/>
    <property name="sun.cpu.endian" value="little"/>
    <property name="user.home" value="/Users/meeranmohammed"/>
    <property name="user.language" value="en"/>
    <property name="java.specification.vendor" value="Oracle Corporation"/>
    <property name="java.version.date" value="2023-10-17"/>
    <property name="java.home" value="/Users/meeranmohammed/.sdkman/candidates/java/17.0.9-graalce"/>
    <property name="file.separator" value="/"/>
    <property name="basedir" value="/Users/meeranmohammed/Downloads/customer-management-service"/>
    <property name="java.vm.compressedOopsMode" value="Zero based"/>
    <property name="jdk.internal.vm.ci.enabled" value="true"/>
    <property name="line.separator" value="&#10;"/>
    <property name="java.vm.specification.vendor" value="Oracle Corporation"/>
    <property name="java.specification.name" value="Java Platform API Specification"/>
    <property name="FILE_LOG_CHARSET" value="UTF-8"/>
    <property name="java.awt.headless" value="true"/>
    <property name="apple.awt.application.name" value="ForkedBooter"/>
    <property name="surefire.real.class.path" value="/Users/meeranmohammed/Downloads/customer-management-service/target/surefire/surefirebooter-20250416004627054_3.jar"/>
    <property name="sun.management.compiler" value="HotSpot 64-Bit Tiered Compilers"/>
    <property name="ftp.nonProxyHosts" value="local|*.local|169.254/16|*.169.254/16"/>
    <property name="java.runtime.version" value="17.0.9+9-jvmci-23.0-b22"/>
    <property name="user.name" value="meeranmohammed"/>
    <property name="path.separator" value=":"/>
    <property name="os.version" value="13.6"/>
    <property name="java.runtime.name" value="OpenJDK Runtime Environment"/>
    <property name="file.encoding" value="UTF-8"/>
    <property name="java.vm.name" value="OpenJDK 64-Bit Server VM"/>
    <property name="java.vendor.version" value="GraalVM CE 17.0.9+9.1"/>
    <property name="localRepository" value="/Users/meeranmohammed/.m2/repository"/>
    <property name="java.vendor.url.bug" value="https://github.com/oracle/graal/issues"/>
    <property name="java.io.tmpdir" value="/var/folders/fn/5w6_9pkd753b_635bj244zyc0000gn/T/"/>
    <property name="com.zaxxer.hikari.pool_number" value="1"/>
    <property name="java.version" value="17.0.9"/>
    <property name="user.dir" value="/Users/meeranmohammed/Downloads/customer-management-service"/>
    <property name="os.arch" value="aarch64"/>
    <property name="java.vm.specification.name" value="Java Virtual Machine Specification"/>
    <property name="PID" value="4456"/>
    <property name="CONSOLE_LOG_CHARSET" value="UTF-8"/>
    <property name="native.encoding" value="UTF-8"/>
    <property name="java.library.path" value="/Users/meeranmohammed/Library/Java/Extensions:/Library/Java/Extensions:/Network/Library/Java/Extensions:/System/Library/Java/Extensions:/usr/lib/java:."/>
    <property name="java.vm.info" value="mixed mode, sharing"/>
    <property name="java.vendor" value="GraalVM Community"/>
    <property name="java.vm.version" value="17.0.9+9-jvmci-23.0-b22"/>
    <property name="sun.io.unicode.encoding" value="UnicodeBig"/>
    <property name="socksNonProxyHosts" value="local|*.local|169.254/16|*.169.254/16"/>
    <property name="java.class.version" value="61.0"/>
    <property name="LOGGED_APPLICATION_NAME" value="[CustomerManagementService] "/>
  </properties>
  <testcase name="contextLoads" classname="com.example.customermanagementservice.CustomerManagementServiceApplicationTests" time="0.494">
    <system-out><![CDATA[00:46:28.525 [main] INFO org.springframework.test.context.support.AnnotationConfigContextLoaderUtils -- Could not detect default configuration classes for test class [com.example.customermanagementservice.CustomerManagementServiceApplicationTests]: CustomerManagementServiceApplicationTests does not declare any static, non-private, non-final, nested classes annotated with @Configuration.
00:46:28.687 [main] INFO org.springframework.boot.test.context.SpringBootTestContextBootstrapper -- Found @SpringBootConfiguration com.example.customermanagementservice.CustomerManagementServiceApplication for test class com.example.customermanagementservice.CustomerManagementServiceApplicationTests
00:46:28.939 [main] INFO org.springframework.boot.devtools.restart.RestartApplicationListener -- Restart disabled due to context in which it is running

  .   ____          _            __ _ _
 /\\ / ___'_ __ _ _(_)_ __  __ _ \ \ \ \
( ( )\___ | '_ | '_| | '_ \/ _` | \ \ \ \
 \\/  ___)| |_)| | | | | || (_| |  ) ) ) )
  '  |____| .__|_| |_|_| |_\__, | / / / /
 =========|_|==============|___/=/_/_/_/

 :: Spring Boot ::                (v3.4.4)

2025-04-16T00:46:29.407-05:00  INFO 4456 --- [CustomerManagementService] [           main] ustomerManagementServiceApplicationTests : Starting CustomerManagementServiceApplicationTests using Java 17.0.9 with PID 4456 (started by meeranmohammed in /Users/meeranmohammed/Downloads/customer-management-service)
2025-04-16T00:46:29.409-05:00  INFO 4456 --- [CustomerManagementService] [           main] ustomerManagementServiceApplicationTests : No active profile set, falling back to 1 default profile: "default"
2025-04-16T00:46:30.581-05:00  INFO 4456 --- [CustomerManagementService] [           main] .s.d.r.c.RepositoryConfigurationDelegate : Bootstrapping Spring Data JPA repositories in DEFAULT mode.
2025-04-16T00:46:30.682-05:00  INFO 4456 --- [CustomerManagementService] [           main] .s.d.r.c.RepositoryConfigurationDelegate : Finished Spring Data repository scanning in 85 ms. Found 1 JPA repository interface.
2025-04-16T00:46:31.222-05:00  INFO 4456 --- [CustomerManagementService] [           main] com.zaxxer.hikari.HikariDataSource       : HikariPool-1 - Starting...
2025-04-16T00:46:31.741-05:00  INFO 4456 --- [CustomerManagementService] [           main] com.zaxxer.hikari.pool.HikariPool        : HikariPool-1 - Added connection conn0: url=jdbc:h2:mem:3f6e08a4-cf6c-4bed-94f3-527c6a3298df user=SA
2025-04-16T00:46:31.745-05:00  INFO 4456 --- [CustomerManagementService] [           main] com.zaxxer.hikari.HikariDataSource       : HikariPool-1 - Start completed.
2025-04-16T00:46:31.839-05:00  INFO 4456 --- [CustomerManagementService] [           main] o.hibernate.jpa.internal.util.LogHelper  : HHH000204: Processing PersistenceUnitInfo [name: default]
2025-04-16T00:46:31.925-05:00  INFO 4456 --- [CustomerManagementService] [           main] org.hibernate.Version                    : HHH000412: Hibernate ORM core version 6.6.11.Final
2025-04-16T00:46:31.978-05:00  INFO 4456 --- [CustomerManagementService] [           main] o.h.c.internal.RegionFactoryInitiator    : HHH000026: Second-level cache disabled
2025-04-16T00:46:32.385-05:00  INFO 4456 --- [CustomerManagementService] [           main] o.s.o.j.p.SpringPersistenceUnitInfo      : No LoadTimeWeaver setup: ignoring JPA class transformer
2025-04-16T00:46:32.511-05:00  INFO 4456 --- [CustomerManagementService] [           main] org.hibernate.orm.connections.pooling    : HHH10001005: Database info:
	Database JDBC URL [Connecting through datasource 'HikariDataSource (HikariPool-1)']
	Database driver: undefined/unknown
	Database version: 2.3.232
	Autocommit mode: undefined/unknown
	Isolation level: undefined/unknown
	Minimum pool size: undefined/unknown
	Maximum pool size: undefined/unknown
2025-04-16T00:46:33.765-05:00  INFO 4456 --- [CustomerManagementService] [           main] o.h.e.t.j.p.i.JtaPlatformInitiator       : HHH000489: No JTA platform available (set 'hibernate.transaction.jta.platform' to enable JTA platform integration)
2025-04-16T00:46:33.806-05:00  INFO 4456 --- [CustomerManagementService] [           main] j.LocalContainerEntityManagerFactoryBean : Initialized JPA EntityManagerFactory for persistence unit 'default'
2025-04-16T00:46:34.236-05:00  WARN 4456 --- [CustomerManagementService] [           main] JpaBaseConfiguration$JpaWebConfiguration : spring.jpa.open-in-view is enabled by default. Therefore, database queries may be performed during view rendering. Explicitly configure spring.jpa.open-in-view to disable this warning
2025-04-16T00:46:34.792-05:00  INFO 4456 --- [CustomerManagementService] [           main] ustomerManagementServiceApplicationTests : Started CustomerManagementServiceApplicationTests in 5.871 seconds (process running for 7.433)
]]></system-out>
  </testcase>
</testsuite>